<?xml version="1.0" encoding="UTF-8"?>
<!-- Generated by org.testng.reporters.JUnitXMLReporter -->
<testsuite ignored="0" hostname="LAPTOP-L9LRL5DH" failures="0" tests="6" name="Surefire test" time="0.074" errors="0" timestamp="2020-07-21T21:18:36 IST">
  <testcase classname="tcs.com.Mavenjava.Day1Test" name="Demo" time="0.007"/>
  <testcase classname="tcs.com.Mavenjava.Day1Test" name="notToExecute" time="0.0"/>
  <testcase classname="tcs.com.Mavenjava.Day2Test" name="Demo2" time="0.001"/>
  <testcase classname="tcs.com.Mavenjava.Day3Test" name="LoginAPICarLoan" time="0.0"/>
  <testcase classname="tcs.com.Mavenjava.Day3Test" name="mobileLoginCarLoan" time="0.0"/>
  <testcase classname="tcs.com.Mavenjava.Day3Test" name="webLoginCarLoan" time="0.002"/>
</testsuite> <!-- Surefire test -->
