<?xml version="1.0" encoding="UTF-8"?>
<testng-results ignored="0" total="6" passed="6" failed="0" skipped="0">
  <reporter-output>
  </reporter-output>
  <suite started-at="2020-07-21T21:18:36 IST" name="Surefire suite" finished-at="2020-07-21T21:18:36 IST" duration-ms="74">
    <groups>
    </groups>
    <test started-at="2020-07-21T21:18:36 IST" name="Surefire test" finished-at="2020-07-21T21:18:36 IST" duration-ms="74">
      <class name="tcs.com.Mavenjava.Day3Test">
        <test-method signature="LoginAPICarLoan()[pri:0, instance:tcs.com.Mavenjava.Day3Test@6dde5c8c]" started-at="2020-07-21T21:18:36 IST" name="LoginAPICarLoan" finished-at="2020-07-21T21:18:36 IST" duration-ms="0" status="PASS">
          <reporter-output>
          </reporter-output>
        </test-method> <!-- LoginAPICarLoan -->
        <test-method signature="mobileLoginCarLoan()[pri:0, instance:tcs.com.Mavenjava.Day3Test@6dde5c8c]" started-at="2020-07-21T21:18:36 IST" name="mobileLoginCarLoan" finished-at="2020-07-21T21:18:36 IST" duration-ms="0" status="PASS">
          <reporter-output>
          </reporter-output>
        </test-method> <!-- mobileLoginCarLoan -->
        <test-method signature="webLoginCarLoan()[pri:0, instance:tcs.com.Mavenjava.Day3Test@6dde5c8c]" started-at="2020-07-21T21:18:36 IST" name="webLoginCarLoan" finished-at="2020-07-21T21:18:36 IST" duration-ms="2" status="PASS">
          <reporter-output>
          </reporter-output>
        </test-method> <!-- webLoginCarLoan -->
      </class> <!-- tcs.com.Mavenjava.Day3Test -->
      <class name="tcs.com.Mavenjava.Day2Test">
        <test-method signature="Demo2()[pri:0, instance:tcs.com.Mavenjava.Day2Test@6fb0d3ed]" started-at="2020-07-21T21:18:36 IST" name="Demo2" finished-at="2020-07-21T21:18:36 IST" duration-ms="1" status="PASS">
          <reporter-output>
          </reporter-output>
        </test-method> <!-- Demo2 -->
      </class> <!-- tcs.com.Mavenjava.Day2Test -->
      <class name="tcs.com.Mavenjava.Day1Test">
        <test-method signature="Demo()[pri:0, instance:tcs.com.Mavenjava.Day1Test@fe18270]" started-at="2020-07-21T21:18:36 IST" name="Demo" finished-at="2020-07-21T21:18:36 IST" duration-ms="7" status="PASS">
          <reporter-output>
          </reporter-output>
        </test-method> <!-- Demo -->
        <test-method signature="notToExecute()[pri:0, instance:tcs.com.Mavenjava.Day1Test@fe18270]" started-at="2020-07-21T21:18:36 IST" name="notToExecute" finished-at="2020-07-21T21:18:36 IST" duration-ms="0" status="PASS">
          <reporter-output>
          </reporter-output>
        </test-method> <!-- notToExecute -->
      </class> <!-- tcs.com.Mavenjava.Day1Test -->
    </test> <!-- Surefire test -->
  </suite> <!-- Surefire suite -->
</testng-results>
