<?xml version="1.0" encoding="UTF-8"?>
<testng-results ignored="1" total="2" passed="1" failed="0" skipped="0">
  <reporter-output>
  </reporter-output>
  <suite started-at="2020-07-21T20:56:02 IST" name="Default suite" finished-at="2020-07-21T20:56:02 IST" duration-ms="74">
    <groups>
    </groups>
    <test started-at="2020-07-21T20:56:02 IST" name="Default test" finished-at="2020-07-21T20:56:02 IST" duration-ms="74">
      <class name="tcs.com.Mavenjava.Day1">
        <test-method signature="Demo()[pri:0, instance:tcs.com.Mavenjava.Day1@6b19b79]" started-at="2020-07-21T20:56:02 IST" name="Demo" finished-at="2020-07-21T20:56:02 IST" duration-ms="12" status="PASS">
          <reporter-output>
          </reporter-output>
        </test-method> <!-- Demo -->
      </class> <!-- tcs.com.Mavenjava.Day1 -->
    </test> <!-- Default test -->
  </suite> <!-- Default suite -->
</testng-results>
